Traceback (most recent call last):
  File "c:\users\vdegu\anaconda3\lib\site-packages\jupyter_cache\executors\utils.py", line 56, in single_nb_execution
    record_timing=False,
  File "c:\users\vdegu\anaconda3\lib\site-packages\nbclient\client.py", line 1085, in execute
    return NotebookClient(nb=nb, resources=resources, km=km, **kwargs).execute()
  File "c:\users\vdegu\anaconda3\lib\site-packages\nbclient\util.py", line 84, in wrapped
    return just_run(coro(*args, **kwargs))
  File "c:\users\vdegu\anaconda3\lib\site-packages\nbclient\util.py", line 62, in just_run
    return loop.run_until_complete(coro)
  File "c:\users\vdegu\anaconda3\lib\asyncio\base_events.py", line 583, in run_until_complete
    return future.result()
  File "c:\users\vdegu\anaconda3\lib\site-packages\nbclient\client.py", line 552, in async_execute
    cell, index, execution_count=self.code_cells_executed + 1
  File "c:\users\vdegu\anaconda3\lib\site-packages\nbclient\client.py", line 846, in async_execute_cell
    self._check_raise_for_error(cell, exec_reply)
  File "c:\users\vdegu\anaconda3\lib\site-packages\nbclient\client.py", line 748, in _check_raise_for_error
    raise CellExecutionError.from_cell_and_msg(cell, exec_reply_content)
nbclient.exceptions.CellExecutionError: An error occurred while executing the following cell:
------------------

import numpy 
import math
import matplotlib
import matplotlib.pyplot as plt
from matplotlib import cm
import pandas as pd
from glob import glob
from functools import reduce
import ipywidgets as widgets
from ipywidgets import interact, interactive, fixed, interact_manual
import re
from itertools import cycle
import wx



#%matplotlib notebook
------------------

[1;31m---------------------------------------------------------------------------[0m
[1;31mModuleNotFoundError[0m                       Traceback (most recent call last)
[1;32m<ipython-input-2-51e0e51b5ca4>[0m in [0;36m<module>[1;34m[0m
[0;32m     11[0m [1;32mimport[0m [0mre[0m[1;33m[0m[1;33m[0m[0m
[0;32m     12[0m [1;32mfrom[0m [0mitertools[0m [1;32mimport[0m [0mcycle[0m[1;33m[0m[1;33m[0m[0m
[1;32m---> 13[1;33m [1;32mimport[0m [0mwx[0m[1;33m[0m[1;33m[0m[0m
[0m[0;32m     14[0m [1;33m[0m[0m
[0;32m     15[0m [1;33m[0m[0m

[1;31mModuleNotFoundError[0m: No module named 'wx'
ModuleNotFoundError: No module named 'wx'

